CRITICAL - 2026-06-25 10:45:56 --> Error: Class "App\Models\Caisse" not found
[Method: GET, Route: client/caisse]
in APPPATH/Controllers/CaisseController.php on line 11.
 1 SYSTEMPATH/CodeIgniter.php(974): App\Controllers\CaisseController->index()
 2 SYSTEMPATH/CodeIgniter.php(520): CodeIgniter\CodeIgniter->runController()
 3 SYSTEMPATH/CodeIgniter.php(363): CodeIgniter\CodeIgniter->handleRequest()
 4 SYSTEMPATH/Boot.php(417): CodeIgniter\CodeIgniter->run()
 5 SYSTEMPATH/Boot.php(68): CodeIgniter\Boot::runCodeIgniter()
 6 FCPATH/index.php(59): CodeIgniter\Boot::bootWeb()
 7 SYSTEMPATH/rewrite.php(44): require_once('/home/andry/Documents/S4/Mr_Rojo/Template/ProduitCaisse/public/index.php')
CRITICAL - 2026-06-25 10:52:31 --> ErrorException: include(/home/andry/Documents/S4/Mr_Rojo/Template/ProduitCaisse/vendor/composer/../../app/Controllers/BaseController.php): Failed to open stream: No such file or directory
[Method: GET, Route: login]
in VENDORPATH/composer/ClassLoader.php on line 576.
 1 VENDORPATH/composer/ClassLoader.php(576): CodeIgniter\Debug\Exceptions->errorHandler()
 2 VENDORPATH/composer/ClassLoader.php(576): include()
 3 VENDORPATH/composer/ClassLoader.php(427): Composer\Autoload\{closure}()
 4 APPPATH/Controllers/Home.php(10): Composer\Autoload\ClassLoader->loadClass()
 5 VENDORPATH/composer/ClassLoader.php(576): include('/home/andry/Documents/S4/Mr_Rojo/Template/ProduitCaisse/app/Controllers/Home.php')
 6 VENDORPATH/composer/ClassLoader.php(427): Composer\Autoload\{closure}()
 7 [internal function]: Composer\Autoload\ClassLoader->loadClass()
 8 SYSTEMPATH/Router/Router.php(790): class_exists()
 9 SYSTEMPATH/Router/Router.php(228): CodeIgniter\Router\Router->processRouteAttributes()
10 SYSTEMPATH/CodeIgniter.php(852): CodeIgniter\Router\Router->handle()
11 SYSTEMPATH/CodeIgniter.php(464): CodeIgniter\CodeIgniter->tryToRouteIt()
12 SYSTEMPATH/CodeIgniter.php(363): CodeIgniter\CodeIgniter->handleRequest()
13 SYSTEMPATH/Boot.php(417): CodeIgniter\CodeIgniter->run()
14 SYSTEMPATH/Boot.php(68): CodeIgniter\Boot::runCodeIgniter()
15 FCPATH/index.php(59): CodeIgniter\Boot::bootWeb()
16 SYSTEMPATH/rewrite.php(44): require_once('/home/andry/Documents/S4/Mr_Rojo/Template/ProduitCaisse/public/index.php')
CRITICAL - 2026-06-25 10:52:37 --> ErrorException: include(/home/andry/Documents/S4/Mr_Rojo/Template/ProduitCaisse/vendor/composer/../../app/Controllers/BaseController.php): Failed to open stream: No such file or directory
[Method: GET, Route: /]
in VENDORPATH/composer/ClassLoader.php on line 576.
 1 VENDORPATH/composer/ClassLoader.php(576): CodeIgniter\Debug\Exceptions->errorHandler()
 2 VENDORPATH/composer/ClassLoader.php(576): include()
 3 VENDORPATH/composer/ClassLoader.php(427): Composer\Autoload\{closure}()
 4 APPPATH/Controllers/Home.php(10): Composer\Autoload\ClassLoader->loadClass()
 5 VENDORPATH/composer/ClassLoader.php(576): include('/home/andry/Documents/S4/Mr_Rojo/Template/ProduitCaisse/app/Controllers/Home.php')
 6 VENDORPATH/composer/ClassLoader.php(427): Composer\Autoload\{closure}()
 7 [internal function]: Composer\Autoload\ClassLoader->loadClass()
 8 SYSTEMPATH/Router/Router.php(790): class_exists()
 9 SYSTEMPATH/Router/Router.php(228): CodeIgniter\Router\Router->processRouteAttributes()
10 SYSTEMPATH/CodeIgniter.php(852): CodeIgniter\Router\Router->handle()
11 SYSTEMPATH/CodeIgniter.php(464): CodeIgniter\CodeIgniter->tryToRouteIt()
12 SYSTEMPATH/CodeIgniter.php(363): CodeIgniter\CodeIgniter->handleRequest()
13 SYSTEMPATH/Boot.php(417): CodeIgniter\CodeIgniter->run()
14 SYSTEMPATH/Boot.php(68): CodeIgniter\Boot::runCodeIgniter()
15 FCPATH/index.php(59): CodeIgniter\Boot::bootWeb()
16 SYSTEMPATH/rewrite.php(44): require_once('/home/andry/Documents/S4/Mr_Rojo/Template/ProduitCaisse/public/index.php')
